<?xml version="1.0" encoding="UTF-8"?>
<!-- Generated by org.testng.reporters.JUnitXMLReporter -->
<testsuite hostname="DESKTOP-H84T4ED" ignored="2" name="Default test" tests="1" failures="0" timestamp="27 Jan 2022 19:53:29 GMT" time="6.258" errors="0">
  <testcase name="submitFormTest" time="1.267" classname="com.tej.tests.SampleFundPageTests"/>
  <testcase name="verifyPageTitle" time="0.0" classname="com.tej.tests.SampleFundPageTests">
    <ignored/>
  </testcase> <!-- verifyPageTitle -->
  <testcase name="verifyFirstName" time="0.0" classname="com.tej.tests.SampleFundPageTests">
    <ignored/>
  </testcase> <!-- verifyFirstName -->
</testsuite> <!-- Default test -->
