<?xml version="1.0" encoding="UTF-8"?>
<!-- Generated by org.testng.reporters.JUnitXMLReporter -->
<testsuite hostname="DESKTOP-H84T4ED" ignored="0" name="uman Fund App Test Cases" tests="3" failures="0" timestamp="27 Jan 2022 20:12:25 GMT" time="16.229" errors="0">
  <testcase name="submitFormTest" time="1.899" classname="com.tej.tests.SampleFundPageTests"/>
  <testcase name="verifyFirstName" time="0.087" classname="com.tej.tests.SampleFundPageTests"/>
  <testcase name="verifyPageTitle" time="0.006" classname="com.tej.tests.SampleFundPageTests"/>
</testsuite> <!-- uman Fund App Test Cases -->
